# JRE version: OpenJDK Runtime Environment (21.0.5) (build 21.0.5+-13047016-b750.29)
# Java VM: OpenJDK 64-Bit Server VM (21.0.5+-13047016-b750.29, mixed mode, tiered, compressed oops, compressed class ptrs, g1 gc, windows-amd64)
GC Precious Log:
 CardTable entry size: 512
 Card Set container configuration: InlinePtr #cards 4 size 8 Array Of Cards #cards 32 size 80 Howl #buckets 8 coarsen threshold 7372 Howl Bitmap #cards 1024 size 144 coarsen threshold 921 Card regions per heap region 1 cards per card region 8192
 CPUs: 4 total, 4 available
 Memory: 4026M
 Large Page Support: Disabled
 NUMA Support: Disabled
 Compressed Oops: Enabled (Zero based)
 Heap Region Size: 4M
 Heap Min Capacity: 8M
 Heap Initial Capacity: 64M
 Heap Max Capacity: 8G
 Pre-touch: Disabled
 Parallel Workers: 4
 Concurrent Workers: 1
 Concurrent Refinement Workers: 4
 Periodic GC: Disabled
Heap:
 garbage-first heap   total 1900544K, used 424107K [0x0000000600000000, 0x0000000800000000)
  region size 4096K, 2 young (8192K), 2 survivors (8192K)
 Metaspace       used 182362K, committed 185216K, reserved 1245184K
  class space    used 23834K, committed 25216K, reserved 1048576K
GC Heap History (20 events):
Event: 405.199 GC heap after
{Heap after GC invocations=117 (full 0):
 garbage-first heap   total 1183744K, used 354241K [0x0000000600000000, 0x0000000800000000)
  region size 4096K, 10 young (40960K), 10 survivors (40960K)
 Metaspace       used 181965K, committed 184768K, reserved 1245184K
  class space    used 23809K, committed 25152K, reserved 1048576K
}
Event: 409.015 GC heap before
{Heap before GC invocations=117 (full 0):
 garbage-first heap   total 1183744K, used 1021889K [0x0000000600000000, 0x0000000800000000)
  region size 4096K, 173 young (708608K), 10 survivors (40960K)
 Metaspace       used 182127K, committed 184896K, reserved 1245184K
  class space    used 23814K, committed 25152K, reserved 1048576K
}
Event: 409.084 GC heap after
{Heap after GC invocations=118 (full 0):
 garbage-first heap   total 1183744K, used 354923K [0x0000000600000000, 0x0000000800000000)
  region size 4096K, 10 young (40960K), 10 survivors (40960K)
 Metaspace       used 182127K, committed 184896K, reserved 1245184K
  class space    used 23814K, committed 25152K, reserved 1048576K
}
Event: 412.692 GC heap before
{Heap before GC invocations=118 (full 0):
 garbage-first heap   total 1183744K, used 1022571K [0x0000000600000000, 0x0000000800000000)
  region size 4096K, 173 young (708608K), 10 survivors (40960K)
 Metaspace       used 182158K, committed 184960K, reserved 1245184K
  class space    used 23814K, committed 25152K, reserved 1048576K
}
Event: 412.729 GC heap after
{Heap after GC invocations=119 (full 0):
 garbage-first heap   total 1183744K, used 338974K [0x0000000600000000, 0x0000000800000000)
  region size 4096K, 6 young (24576K), 6 survivors (24576K)
 Metaspace       used 182158K, committed 184960K, reserved 1245184K
  class space    used 23814K, committed 25152K, reserved 1048576K
}
Event: 414.772 GC heap before
{Heap before GC invocations=119 (full 0):
 garbage-first heap   total 1183744K, used 1023006K [0x0000000600000000, 0x0000000800000000)
  region size 4096K, 173 young (708608K), 6 survivors (24576K)
 Metaspace       used 182190K, committed 184960K, reserved 1245184K
  class space    used 23815K, committed 25152K, reserved 1048576K
}
Event: 414.861 GC heap after
{Heap after GC invocations=120 (full 0):
 garbage-first heap   total 1183744K, used 367646K [0x0000000600000000, 0x0000000800000000)
  region size 4096K, 13 young (53248K), 13 survivors (53248K)
 Metaspace       used 182190K, committed 184960K, reserved 1245184K
  class space    used 23815K, committed 25152K, reserved 1048576K
}
Event: 417.261 GC heap before
{Heap before GC invocations=120 (full 0):
 garbage-first heap   total 1183744K, used 1018910K [0x0000000600000000, 0x0000000800000000)
  region size 4096K, 173 young (708608K), 13 survivors (53248K)
 Metaspace       used 182319K, committed 185088K, reserved 1245184K
  class space    used 23829K, committed 25152K, reserved 1048576K
}
Event: 417.361 GC heap after
{Heap after GC invocations=121 (full 0):
 garbage-first heap   total 1183744K, used 377380K [0x0000000600000000, 0x0000000800000000)
  region size 4096K, 14 young (57344K), 14 survivors (57344K)
 Metaspace       used 182319K, committed 185088K, reserved 1245184K
  class space    used 23829K, committed 25152K, reserved 1048576K
}
Event: 419.607 GC heap before
{Heap before GC invocations=121 (full 0):
 garbage-first heap   total 1183744K, used 1024548K [0x0000000600000000, 0x0000000800000000)
  region size 4096K, 173 young (708608K), 14 survivors (57344K)
 Metaspace       used 182330K, committed 185088K, reserved 1245184K
  class space    used 23830K, committed 25152K, reserved 1048576K
}
Event: 419.788 GC heap after
{Heap after GC invocations=122 (full 0):
 garbage-first heap   total 1183744K, used 419470K [0x0000000600000000, 0x0000000800000000)
  region size 4096K, 22 young (90112K), 22 survivors (90112K)
 Metaspace       used 182330K, committed 185088K, reserved 1245184K
  class space    used 23830K, committed 25152K, reserved 1048576K
}
Event: 421.746 GC heap before
{Heap before GC invocations=122 (full 0):
 garbage-first heap   total 1183744K, used 1029774K [0x0000000600000000, 0x0000000800000000)
  region size 4096K, 171 young (700416K), 22 survivors (90112K)
 Metaspace       used 182340K, committed 185088K, reserved 1245184K
  class space    used 23830K, committed 25152K, reserved 1048576K
}
Event: 422.127 GC heap after
{Heap after GC invocations=123 (full 0):
 garbage-first heap   total 1900544K, used 421888K [0x0000000600000000, 0x0000000800000000)
  region size 4096K, 2 young (8192K), 2 survivors (8192K)
 Metaspace       used 182340K, committed 185088K, reserved 1245184K
  class space    used 23830K, committed 25152K, reserved 1048576K
}
Event: 426.299 GC heap before
{Heap before GC invocations=123 (full 0):
 garbage-first heap   total 1900544K, used 1081344K [0x0000000600000000, 0x0000000800000000)
  region size 4096K, 163 young (667648K), 2 survivors (8192K)
 Metaspace       used 182353K, committed 185216K, reserved 1245184K
  class space    used 23832K, committed 25216K, reserved 1048576K
}
Event: 426.876 GC heap after
{Heap after GC invocations=124 (full 0):
 garbage-first heap   total 1900544K, used 421888K [0x0000000600000000, 0x0000000800000000)
  region size 4096K, 2 young (8192K), 2 survivors (8192K)
 Metaspace       used 182353K, committed 185216K, reserved 1245184K
  class space    used 23832K, committed 25216K, reserved 1048576K
}
Event: 427.720 GC heap before
{Heap before GC invocations=124 (full 0):
 garbage-first heap   total 1900544K, used 503808K [0x0000000600000000, 0x0000000800000000)
  region size 4096K, 23 young (94208K), 2 survivors (8192K)
 Metaspace       used 182353K, committed 185216K, reserved 1245184K
  class space    used 23832K, committed 25216K, reserved 1048576K
}
Event: 428.543 GC heap after
{Heap after GC invocations=125 (full 0):
 garbage-first heap   total 1900544K, used 423705K [0x0000000600000000, 0x0000000800000000)
  region size 4096K, 2 young (8192K), 2 survivors (8192K)
 Metaspace       used 182353K, committed 185216K, reserved 1245184K
  class space    used 23832K, committed 25216K, reserved 1048576K
}
Event: 428.975 GC heap before
{Heap before GC invocations=125 (full 0):
 garbage-first heap   total 1900544K, used 509721K [0x0000000600000000, 0x0000000800000000)
  region size 4096K, 23 young (94208K), 2 survivors (8192K)
 Metaspace       used 182356K, committed 185216K, reserved 1245184K
  class space    used 23832K, committed 25216K, reserved 1048576K
}
Event: 429.449 GC heap after
{Heap after GC invocations=126 (full 0):
 garbage-first heap   total 1900544K, used 423989K [0x0000000600000000, 0x0000000800000000)
  region size 4096K, 2 young (8192K), 2 survivors (8192K)
 Metaspace       used 182356K, committed 185216K, reserved 1245184K
  class space    used 23832K, committed 25216K, reserved 1048576K
}
Event: 429.869 GC heap before
{Heap before GC invocations=126 (full 0):
 garbage-first heap   total 1900544K, used 510005K [0x0000000600000000, 0x0000000800000000)
  region size 4096K, 23 young (94208K), 2 survivors (8192K)
 Metaspace       used 182362K, committed 185216K, reserved 1245184K
  class space    used 23834K, committed 25216K, reserved 1048576K
}

